Removed Pin From Net: NetName=NETSTAT_STM Pin=Q1-2
Removed Pin From Net: NetName=NETSTAT_SIM Pin=Q1-3
Removed Pin From Net: NetName=RI_STM Pin=Q2-2
Removed Pin From Net: NetName=RI_SM Pin=Q2-3
Removed Pin From Net: NetName=PWRSTAT_STM Pin=Q3-2
Removed Pin From Net: NetName=PWRSTAT_SM Pin=Q3-3
Removed Pin From Net: NetName=USART1_RX Pin=Q4-2
Removed Pin From Net: NetName=TXD Pin=Q4-3
Removed Pin From Net: NetName=RXD Pin=Q5-3
Removed Pin From Net: NetName=NETSTAT_SIM Pin=R11-1
Removed Pin From Net: NetName=VBAT Pin=R11-2
Removed Pin From Net: NetName=NETSTAT_STM Pin=R12-1
Removed Pin From Net: NetName=RI_SM Pin=R13-1
Removed Pin From Net: NetName=VBAT Pin=R13-2
Removed Pin From Net: NetName=RI_STM Pin=R14-1
Removed Pin From Net: NetName=PWRSTAT_SM Pin=R15-1
Removed Pin From Net: NetName=VBAT Pin=R15-2
Removed Pin From Net: NetName=PWRSTAT_STM Pin=R16-1
Removed Pin From Net: NetName=TXD Pin=R17-1
Removed Pin From Net: NetName=VBAT Pin=R17-2
Removed Pin From Net: NetName=USART1_RX Pin=R18-1
Removed Pin From Net: NetName=RXD Pin=R19-1
Removed Pin From Net: NetName=VBAT Pin=R19-2
Removed Member From Class: ClassName=SensorPlatformV3 Member=Q1
Removed Member From Class: ClassName=SensorPlatformV3 Member=Q2
Removed Member From Class: ClassName=SensorPlatformV3 Member=Q3
Removed Member From Class: ClassName=SensorPlatformV3 Member=Q4
Removed Member From Class: ClassName=SensorPlatformV3 Member=Q5
Removed Member From Class: ClassName=SensorPlatformV3 Member=R11
Removed Member From Class: ClassName=SensorPlatformV3 Member=R12
Removed Member From Class: ClassName=SensorPlatformV3 Member=R13
Removed Member From Class: ClassName=SensorPlatformV3 Member=R14
Removed Member From Class: ClassName=SensorPlatformV3 Member=R15
Removed Member From Class: ClassName=SensorPlatformV3 Member=R16
Removed Member From Class: ClassName=SensorPlatformV3 Member=R17
Removed Member From Class: ClassName=SensorPlatformV3 Member=R18
Removed Member From Class: ClassName=SensorPlatformV3 Member=R19
Removed Member From Class: ClassName=SensorPlatformV3 Member=R20
Added Component: Designator=U8(TSSOP-14)
Added Pin To Net: NetName=RXD Pin=U2-58
Added Pin To Net: NetName=GND Pin=U8-1
Added Pin To Net: NetName=NETSTAT_SIM Pin=U8-2
Added Pin To Net: NetName=NETSTAT_STM Pin=U8-3
Added Pin To Net: NetName=GND Pin=U8-4
Added Pin To Net: NetName=PWRSTAT_SM Pin=U8-5
Added Pin To Net: NetName=PWRSTAT_STM Pin=U8-6
Added Pin To Net: NetName=GND Pin=U8-7
Added Pin To Net: NetName=RI_STM Pin=U8-8
Added Pin To Net: NetName=RI_SM Pin=U8-9
Added Pin To Net: NetName=GND Pin=U8-10
Added Pin To Net: NetName=USART1_RX Pin=U8-11
Added Pin To Net: NetName=TXD Pin=U8-12
Added Pin To Net: NetName=GND Pin=U8-13
Added Pin To Net: NetName=3V3 Pin=U8-14
Added Member To Class: ClassName=SensorPlatformV3 Member=Component U8 MC74VHCT125A
